<?xml version="1.0" encoding="UTF-8"?>
<!-- Generated by org.testng.reporters.JUnitXMLReporter -->
<testsuite hostname="Nalinikant-PC" ignored="0" name="FirefoxTest" tests="2" failures="2" timestamp="26 Jul 2018 17:45:28 GMT" time="35.004" errors="0">
  <testcase name="loginClick" time="10.126" classname="scripts.LoginAndClickTask">
    <failure type="java.lang.AssertionError" message="null">
      <![CDATA[java.lang.AssertionError: null
at scripts.LoginAndClickTask.loginClick(LoginAndClickTask.java:27)
at java.util.concurrent.FutureTask.run(Unknown Source)
at java.util.concurrent.ThreadPoolExecutor.runWorker(Unknown Source)
at java.util.concurrent.ThreadPoolExecutor$Worker.run(Unknown Source)
at java.lang.Thread.run(Unknown Source)
... Removed 18 stack frames]]>
    </failure>
  </testcase> <!-- loginClick -->
  <testcase name="loginCheck" time="0.0" classname="scripts.Login">
    <failure type="org.testng.TestNGException" message="
Cannot inject @Test annotated Method [loginCheck] with [class [B, class [B].
For more information on native dependency injection please refer to http://testng.org/doc/documentation-main.html#native-dependency-injection">
      <![CDATA[org.testng.TestNGException: 
Cannot inject @Test annotated Method [loginCheck] with [class [B, class [B].
For more information on native dependency injection please refer to http://testng.org/doc/documentation-main.html#native-dependency-injection
at java.util.concurrent.FutureTask.run(Unknown Source)
at java.util.concurrent.ThreadPoolExecutor.runWorker(Unknown Source)
at java.util.concurrent.ThreadPoolExecutor$Worker.run(Unknown Source)
at java.lang.Thread.run(Unknown Source)
... Removed 15 stack frames]]>
    </failure>
  </testcase> <!-- loginCheck -->
</testsuite> <!-- FirefoxTest -->
